c:\development\rad\console\perfcheck\perfcheck\perfcheck\debug\perfchecksolution.pch
c:\development\rad\console\perfcheck\perfcheck\perfcheck\debug\vc140.pdb
c:\development\rad\console\perfcheck\perfcheck\perfcheck\debug\vc140.idb
c:\development\rad\console\perfcheck\perfcheck\perfcheck\debug\stdafx.obj
c:\development\rad\console\perfcheck\perfcheck\perfcheck\debug\perfcheck.obj
c:\development\rad\console\perfcheck\perfcheck\perfcheck\debug\perfcheck.obj.enc
c:\development\rad\console\perfcheck\perfcheck\perfcheck\debug\perfcheck.pch
c:\development\rad\console\perfcheck\perfcheck\debug\perfchecksolution.pdb
c:\development\rad\console\perfcheck\perfcheck\perfcheck\debug\perfchec.d8603e56.tlog\cl.command.1.tlog
c:\development\rad\console\perfcheck\perfcheck\perfcheck\debug\perfchec.d8603e56.tlog\cl.read.1.tlog
c:\development\rad\console\perfcheck\perfcheck\perfcheck\debug\perfchec.d8603e56.tlog\cl.write.1.tlog
c:\development\rad\console\perfcheck\perfcheck\perfcheck\debug\perfchec.d8603e56.tlog\link-cvtres.read.1.tlog
c:\development\rad\console\perfcheck\perfcheck\perfcheck\debug\perfchec.d8603e56.tlog\link-cvtres.write.1.tlog
c:\development\rad\console\perfcheck\perfcheck\perfcheck\debug\perfchec.d8603e56.tlog\link-rc.read.1.tlog
c:\development\rad\console\perfcheck\perfcheck\perfcheck\debug\perfchec.d8603e56.tlog\link-rc.write.1.tlog
c:\development\rad\console\perfcheck\perfcheck\perfcheck\debug\perfchec.d8603e56.tlog\link.6516-cvtres.read.1.tlog
c:\development\rad\console\perfcheck\perfcheck\perfcheck\debug\perfchec.d8603e56.tlog\link.6516-cvtres.write.1.tlog
c:\development\rad\console\perfcheck\perfcheck\perfcheck\debug\perfchec.d8603e56.tlog\link.6516-rc.read.1.tlog
c:\development\rad\console\perfcheck\perfcheck\perfcheck\debug\perfchec.d8603e56.tlog\link.6516-rc.write.1.tlog
c:\development\rad\console\perfcheck\perfcheck\perfcheck\debug\perfchec.d8603e56.tlog\link.6516.read.1.tlog
c:\development\rad\console\perfcheck\perfcheck\perfcheck\debug\perfchec.d8603e56.tlog\link.6516.write.1.tlog
c:\development\rad\console\perfcheck\perfcheck\perfcheck\debug\perfchec.d8603e56.tlog\link.command.1.tlog
c:\development\rad\console\perfcheck\perfcheck\perfcheck\debug\perfchec.d8603e56.tlog\link.read.1.tlog
c:\development\rad\console\perfcheck\perfcheck\perfcheck\debug\perfchec.d8603e56.tlog\link.write.1.tlog
